  Actor.cpp
  AnimSpriteComponent.cpp
C:\Users\Andrew\CraftingTable\GPiC\Chapter02\Ch02\SpriteComponent.h(16,28): error C2065: 'retrun': undeclared identifier
C:\Users\Andrew\CraftingTable\GPiC\Chapter02\Ch02\SpriteComponent.h(16,35): error C2146: syntax error: missing ';' before identifier 'mTexWidth'
  BGSpriteComponent.cpp
C:\Users\Andrew\CraftingTable\GPiC\Chapter02\Ch02\SpriteComponent.h(16,28): error C2065: 'retrun': undeclared identifier
C:\Users\Andrew\CraftingTable\GPiC\Chapter02\Ch02\SpriteComponent.h(16,35): error C2146: syntax error: missing ';' before identifier 'mTexWidth'
C:\Users\Andrew\CraftingTable\GPiC\Chapter02\Ch02\BGSpriteComponent.h(11,34): error C4430: missing type specifier - int assumed. Note: C++ does not support default-int
C:\Users\Andrew\CraftingTable\GPiC\Chapter02\Ch02\BGSpriteComponent.h(11,34): warning C4183: 'Update': missing return type; assumed to be a member function returning 'int'
C:\Users\Andrew\CraftingTable\GPiC\Chapter02\Ch02\BGSpriteComponent.h(11,2): error C2555: 'BGSpriteComponent::Update': overriding virtual function return type differs and is not covariant from 'Component::Update'
C:\Users\Andrew\CraftingTable\GPiC\Chapter02\Ch02\Component.h(11): message : see declaration of 'Component::Update'
C:\Users\Andrew\CraftingTable\GPiC\Chapter02\Ch02\BGSpriteComponent.cpp(11,1): error C2556: 'void BGSpriteComponent::Update(float)': overloaded function differs only by return type from 'int BGSpriteComponent::Update(float)'
C:\Users\Andrew\CraftingTable\GPiC\Chapter02\Ch02\BGSpriteComponent.h(11): message : see declaration of 'BGSpriteComponent::Update'
C:\Users\Andrew\CraftingTable\GPiC\Chapter02\Ch02\BGSpriteComponent.cpp(10,25): error C2371: 'BGSpriteComponent::Update': redefinition; different basic types
C:\Users\Andrew\CraftingTable\GPiC\Chapter02\Ch02\BGSpriteComponent.h(11): message : see declaration of 'BGSpriteComponent::Update'
  Game.cpp
C:\Users\Andrew\CraftingTable\GPiC\Chapter02\Ch02\SpriteComponent.h(16,28): error C2065: 'retrun': undeclared identifier
C:\Users\Andrew\CraftingTable\GPiC\Chapter02\Ch02\SpriteComponent.h(16,35): error C2146: syntax error: missing ';' before identifier 'mTexWidth'
C:\Users\Andrew\CraftingTable\GPiC\Chapter02\Ch02\BGSpriteComponent.h(11,34): error C4430: missing type specifier - int assumed. Note: C++ does not support default-int
C:\Users\Andrew\CraftingTable\GPiC\Chapter02\Ch02\BGSpriteComponent.h(11,34): warning C4183: 'Update': missing return type; assumed to be a member function returning 'int'
C:\Users\Andrew\CraftingTable\GPiC\Chapter02\Ch02\BGSpriteComponent.h(11,2): error C2555: 'BGSpriteComponent::Update': overriding virtual function return type differs and is not covariant from 'Component::Update'
C:\Users\Andrew\CraftingTable\GPiC\Chapter02\Ch02\Component.h(11): message : see declaration of 'Component::Update'
  Ship.cpp
C:\Users\Andrew\CraftingTable\GPiC\Chapter02\Ch02\SpriteComponent.h(16,28): error C2065: 'retrun': undeclared identifier
C:\Users\Andrew\CraftingTable\GPiC\Chapter02\Ch02\SpriteComponent.h(16,35): error C2146: syntax error: missing ';' before identifier 'mTexWidth'
C:\Users\Andrew\CraftingTable\GPiC\Chapter02\Ch02\Ship.cpp(26,2): error C2065: 'pos': undeclared identifier
C:\Users\Andrew\CraftingTable\GPiC\Chapter02\Ch02\Ship.cpp(27,2): error C2065: 'pos': undeclared identifier
C:\Users\Andrew\CraftingTable\GPiC\Chapter02\Ch02\Ship.cpp(29,6): error C2065: 'pos': undeclared identifier
C:\Users\Andrew\CraftingTable\GPiC\Chapter02\Ch02\Ship.cpp(31,3): error C2065: 'pos': undeclared identifier
C:\Users\Andrew\CraftingTable\GPiC\Chapter02\Ch02\Ship.cpp(33,11): error C2065: 'pos': undeclared identifier
C:\Users\Andrew\CraftingTable\GPiC\Chapter02\Ch02\Ship.cpp(35,3): error C2065: 'pos': undeclared identifier
C:\Users\Andrew\CraftingTable\GPiC\Chapter02\Ch02\Ship.cpp(37,6): error C2065: 'pos': undeclared identifier
C:\Users\Andrew\CraftingTable\GPiC\Chapter02\Ch02\Ship.cpp(39,3): error C2065: 'pos': undeclared identifier
C:\Users\Andrew\CraftingTable\GPiC\Chapter02\Ch02\Ship.cpp(41,11): error C2065: 'pos': undeclared identifier
C:\Users\Andrew\CraftingTable\GPiC\Chapter02\Ch02\Ship.cpp(43,3): error C2065: 'pos': undeclared identifier
C:\Users\Andrew\CraftingTable\GPiC\Chapter02\Ch02\Ship.cpp(45,14): error C2065: 'pos': undeclared identifier
  SpriteComponent.cpp
C:\Users\Andrew\CraftingTable\GPiC\Chapter02\Ch02\SpriteComponent.h(16,28): error C2065: 'retrun': undeclared identifier
C:\Users\Andrew\CraftingTable\GPiC\Chapter02\Ch02\SpriteComponent.h(16,35): error C2146: syntax error: missing ';' before identifier 'mTexWidth'
  Generating Code...
